[debug] [2019-12-13T11:52:02.194Z] ----------------------------------------------------------------------
[debug] [2019-12-13T11:52:02.196Z] Command:       C:\Program Files\nodejs\node.exe C:\Users\likfo\AppData\Roaming\npm\node_modules\firebase-tools\lib\bin\firebase.js deploy
[debug] [2019-12-13T11:52:02.196Z] CLI Version:   7.9.0
[debug] [2019-12-13T11:52:02.196Z] Platform:      win32
[debug] [2019-12-13T11:52:02.197Z] Node Version:  v12.13.1
[debug] [2019-12-13T11:52:02.198Z] Time:          Fri Dec 13 2019 13:52:02 GMT+0200 (GMT+02:00)
[debug] [2019-12-13T11:52:02.198Z] ----------------------------------------------------------------------
[debug] [2019-12-13T11:52:02.198Z] 
[debug] [2019-12-13T11:52:02.207Z] > command requires scopes: ["email","openid","https://www.googleapis.com/auth/cloudplatformprojects.readonly","https://www.googleapis.com/auth/firebase","https://www.googleapis.com/auth/cloud-platform"]
[debug] [2019-12-13T11:52:02.208Z] > authorizing via signed-in user
[debug] [2019-12-13T11:52:02.208Z] [iam] checking project theresume-the for permissions ["firebase.projects.get","firebasehosting.sites.update"]
[debug] [2019-12-13T11:52:02.210Z] >>> HTTP REQUEST POST https://cloudresourcemanager.googleapis.com/v1/projects/theresume-the:testIamPermissions  

[debug] [2019-12-13T11:52:24.292Z] Error: getaddrinfo ENOTFOUND cloudresourcemanager.googleapis.com
    at GetAddrInfoReqWrap.onlookup [as oncomplete] (dns.js:60:26)
[error] 
[error] Error: Server Error. getaddrinfo ENOTFOUND cloudresourcemanager.googleapis.com
[debug] [2019-12-13T11:52:30.995Z] ----------------------------------------------------------------------
[debug] [2019-12-13T11:52:30.997Z] Command:       C:\Program Files\nodejs\node.exe C:\Users\likfo\AppData\Roaming\npm\node_modules\firebase-tools\lib\bin\firebase.js deploy
[debug] [2019-12-13T11:52:30.997Z] CLI Version:   7.9.0
[debug] [2019-12-13T11:52:30.997Z] Platform:      win32
[debug] [2019-12-13T11:52:30.997Z] Node Version:  v12.13.1
[debug] [2019-12-13T11:52:30.999Z] Time:          Fri Dec 13 2019 13:52:30 GMT+0200 (GMT+02:00)
[debug] [2019-12-13T11:52:30.999Z] ----------------------------------------------------------------------
[debug] [2019-12-13T11:52:30.999Z] 
[debug] [2019-12-13T11:52:31.008Z] > command requires scopes: ["email","openid","https://www.googleapis.com/auth/cloudplatformprojects.readonly","https://www.googleapis.com/auth/firebase","https://www.googleapis.com/auth/cloud-platform"]
[debug] [2019-12-13T11:52:31.009Z] > authorizing via signed-in user
[debug] [2019-12-13T11:52:31.009Z] [iam] checking project theresume-the for permissions ["firebase.projects.get","firebasehosting.sites.update"]
[debug] [2019-12-13T11:52:31.011Z] >>> HTTP REQUEST POST https://cloudresourcemanager.googleapis.com/v1/projects/theresume-the:testIamPermissions  

[debug] [2019-12-13T11:52:31.051Z] Error: getaddrinfo ENOTFOUND cloudresourcemanager.googleapis.com
    at GetAddrInfoReqWrap.onlookup [as oncomplete] (dns.js:60:26)
[error] 
[error] Error: Server Error. getaddrinfo ENOTFOUND cloudresourcemanager.googleapis.com
[debug] [2019-12-13T11:52:44.760Z] ----------------------------------------------------------------------
[debug] [2019-12-13T11:52:44.762Z] Command:       C:\Program Files\nodejs\node.exe C:\Users\likfo\AppData\Roaming\npm\node_modules\firebase-tools\lib\bin\firebase.js deploy
[debug] [2019-12-13T11:52:44.762Z] CLI Version:   7.9.0
[debug] [2019-12-13T11:52:44.762Z] Platform:      win32
[debug] [2019-12-13T11:52:44.762Z] Node Version:  v12.13.1
[debug] [2019-12-13T11:52:44.763Z] Time:          Fri Dec 13 2019 13:52:44 GMT+0200 (GMT+02:00)
[debug] [2019-12-13T11:52:44.763Z] ----------------------------------------------------------------------
[debug] [2019-12-13T11:52:44.763Z] 
[debug] [2019-12-13T11:52:44.772Z] > command requires scopes: ["email","openid","https://www.googleapis.com/auth/cloudplatformprojects.readonly","https://www.googleapis.com/auth/firebase","https://www.googleapis.com/auth/cloud-platform"]
[debug] [2019-12-13T11:52:44.773Z] > authorizing via signed-in user
[debug] [2019-12-13T11:52:44.773Z] [iam] checking project theresume-the for permissions ["firebase.projects.get","firebasehosting.sites.update"]
[debug] [2019-12-13T11:52:44.775Z] >>> HTTP REQUEST POST https://cloudresourcemanager.googleapis.com/v1/projects/theresume-the:testIamPermissions  

[debug] [2019-12-13T11:52:55.830Z] Error: getaddrinfo ENOTFOUND cloudresourcemanager.googleapis.com
    at GetAddrInfoReqWrap.onlookup [as oncomplete] (dns.js:60:26)
[error] 
[error] Error: Server Error. getaddrinfo ENOTFOUND cloudresourcemanager.googleapis.com
[debug] [2019-12-13T11:53:27.593Z] ----------------------------------------------------------------------
[debug] [2019-12-13T11:53:27.595Z] Command:       C:\Program Files\nodejs\node.exe C:\Users\likfo\AppData\Roaming\npm\node_modules\firebase-tools\lib\bin\firebase.js deploy
[debug] [2019-12-13T11:53:27.595Z] CLI Version:   7.9.0
[debug] [2019-12-13T11:53:27.596Z] Platform:      win32
[debug] [2019-12-13T11:53:27.596Z] Node Version:  v12.13.1
[debug] [2019-12-13T11:53:27.597Z] Time:          Fri Dec 13 2019 13:53:27 GMT+0200 (GMT+02:00)
[debug] [2019-12-13T11:53:27.597Z] ----------------------------------------------------------------------
[debug] [2019-12-13T11:53:27.597Z] 
[debug] [2019-12-13T11:53:27.606Z] > command requires scopes: ["email","openid","https://www.googleapis.com/auth/cloudplatformprojects.readonly","https://www.googleapis.com/auth/firebase","https://www.googleapis.com/auth/cloud-platform"]
[debug] [2019-12-13T11:53:27.607Z] > authorizing via signed-in user
[debug] [2019-12-13T11:53:27.607Z] [iam] checking project theresume-the for permissions ["firebase.projects.get","firebasehosting.sites.update"]
[debug] [2019-12-13T11:53:27.609Z] >>> HTTP REQUEST POST https://cloudresourcemanager.googleapis.com/v1/projects/theresume-the:testIamPermissions  

[debug] [2019-12-13T11:53:27.654Z] Error: getaddrinfo ENOTFOUND cloudresourcemanager.googleapis.com
    at GetAddrInfoReqWrap.onlookup [as oncomplete] (dns.js:60:26)
[error] 
[error] Error: Server Error. getaddrinfo ENOTFOUND cloudresourcemanager.googleapis.com
